<?xml version="1.0" encoding="UTF-8"?>
<testng-results ignored="0" total="1" passed="1" failed="0" skipped="0">
  <reporter-output>
  </reporter-output>
  <suite started-at="2024-02-12T14:30:13 IST" name="Default suite" finished-at="2024-02-12T14:30:22 IST" duration-ms="8145">
    <groups>
    </groups>
    <test started-at="2024-02-12T14:30:13 IST" name="Default test" finished-at="2024-02-12T14:30:22 IST" duration-ms="8145">
      <class name="singletonpattern.PageTest">
        <test-method is-config="true" signature="setup()[pri:0, instance:singletonpattern.PageTest@223191a6]" started-at="2024-02-12T14:30:14 IST" name="setup" finished-at="2024-02-12T14:30:17 IST" duration-ms="3078" status="PASS">
          <reporter-output>
          </reporter-output>
        </test-method> <!-- setup -->
        <test-method signature="testMethod()[pri:0, instance:singletonpattern.PageTest@223191a6]" started-at="2024-02-12T14:30:17 IST" name="testMethod" finished-at="2024-02-12T14:30:21 IST" duration-ms="4574" status="PASS">
          <reporter-output>
          </reporter-output>
        </test-method> <!-- testMethod -->
        <test-method is-config="true" signature="afterMethod()[pri:0, instance:singletonpattern.PageTest@223191a6]" started-at="2024-02-12T14:30:21 IST" name="afterMethod" finished-at="2024-02-12T14:30:22 IST" duration-ms="396" status="PASS">
          <reporter-output>
          </reporter-output>
        </test-method> <!-- afterMethod -->
      </class> <!-- singletonpattern.PageTest -->
    </test> <!-- Default test -->
  </suite> <!-- Default suite -->
</testng-results>
